This is pdfTeX, Version 3.14159265-2.6-1.40.18 (MiKTeX 2.9.6500 64-bit) (preloaded format=latex 2017.11.30)  6 JUN 2018 14:46
entering extended mode
**"./Jiminar Final.tex"
("Jiminar Final.tex"
LaTeX2e <2017-04-15>
Babel <3.15> and hyphenation patterns for 75 language(s) loaded.
("C:\Users\Ben\AppData\Local\Programs\MiKTeX 2.9\tex\latex\base\article.cls"
Document Class: article 2014/09/29 v1.4h Standard LaTeX document class
("C:\Users\Ben\AppData\Local\Programs\MiKTeX 2.9\tex\latex\base\size12.clo"
File: size12.clo 2014/09/29 v1.4h Standard LaTeX file (size option)
)
\c@part=\count79
\c@section=\count80
\c@subsection=\count81
\c@subsubsection=\count82
\c@paragraph=\count83
\c@subparagraph=\count84
\c@figure=\count85
\c@table=\count86
\abovecaptionskip=\skip41
\belowcaptionskip=\skip42
\bibindent=\dimen102
)
("C:\Users\Ben\AppData\Local\Programs\MiKTeX 2.9\tex\latex\geometry\geometry.st
y"
Package: geometry 2010/09/12 v5.6 Page Geometry

("C:\Users\Ben\AppData\Local\Programs\MiKTeX 2.9\tex\latex\graphics\keyval.sty"
Package: keyval 2014/10/28 v1.15 key=value parser (DPC)
\KV@toks@=\toks14
)
("C:\Users\Ben\AppData\Local\Programs\MiKTeX 2.9\tex\generic\oberdiek\ifpdf.sty
"
Package: ifpdf 2017/03/15 v3.2 Provides the ifpdf switch
)
("C:\Users\Ben\AppData\Local\Programs\MiKTeX 2.9\tex\generic\oberdiek\ifvtex.st
y"
Package: ifvtex 2016/05/16 v1.6 Detect VTeX and its facilities (HO)
Package ifvtex Info: VTeX not detected.
)
("C:\Users\Ben\AppData\Local\Programs\MiKTeX 2.9\tex\generic\ifxetex\ifxetex.st
y"
Package: ifxetex 2010/09/12 v0.6 Provides ifxetex conditional
)
\Gm@cnth=\count87
\Gm@cntv=\count88
\c@Gm@tempcnt=\count89
\Gm@bindingoffset=\dimen103
\Gm@wd@mp=\dimen104
\Gm@odd@mp=\dimen105
\Gm@even@mp=\dimen106
\Gm@layoutwidth=\dimen107
\Gm@layoutheight=\dimen108
\Gm@layouthoffset=\dimen109
\Gm@layoutvoffset=\dimen110
\Gm@dimlist=\toks15

("C:\Users\Ben\AppData\Local\Programs\MiKTeX 2.9\tex\latex\geometry\geometry.cf
g"))
("C:\Users\Ben\AppData\Local\Programs\MiKTeX 2.9\tex\latex\linguex\linguex.sty"
Package: linguex 2013/05/28 Example formatting for linguistics v. 4.3
("C:\Users\Ben\AppData\Local\Programs\MiKTeX 2.9\tex\latex\tools\xspace.sty"
Package: xspace 2014/10/28 v1.13 Space after command names (DPC,MH)
)
("C:\Users\Ben\AppData\Local\Programs\MiKTeX 2.9\tex\latex\gb4e\cgloss4e.sty"
\lineone=\box26
\linetwo=\box27
\linethree=\box28
\wordone=\box29
\wordtwo=\box30
\wordthree=\box31
\gline=\box32
\glossglue=\skip43
)
\c@ExNo=\count90
\c@SubExNo=\count91
\c@SubSubExNo=\count92
\c@FnExNo=\count93
\c@ABC=\count94
\currentlabel=\skip44
\lessthanten=\skip45
\lessthanhundred=\skip46
\lessthanthousand=\skip47
\@Exleftmargin=\skip48
\Exlabelwidth=\skip49
\Extopsep=\skip50
\Exindent=\skip51
\SubExleftmargin=\skip52
\SubSubExleftmargin=\skip53
\Exlabelsep=\skip54
\alignSubExnegindent=\skip55
\Exredux=\skip56
\digitwidth=\skip57
\mindigitwidth=\skip58
\c@ExDepth=\count95
\c@TempExDepth=\count96
\CollectTokens=\toks16
LaTeX Info: Redefining \b on input line 307.
LaTeX Info: Redefining \c on input line 311.
LaTeX Info: Redefining \d on input line 313.
\c@tmpaEx=\count97
) ("C:\Users\Ben\AppData\Local\Programs\MiKTeX 2.9\tex\latex\ulem\ulem.sty"
\UL@box=\box33
\UL@hyphenbox=\box34
\UL@skip=\skip59
\UL@hook=\toks17
\UL@height=\dimen111
\UL@pe=\count98
\UL@pixel=\dimen112
\ULC@box=\box35
Package: ulem 2012/05/18
\ULdepth=\dimen113
)
("C:\Users\Ben\AppData\Local\Programs\MiKTeX 2.9\tex\latex\pstricks\pstricks.st
y"
Package: pstricks 2017/09/17 v0.65 LaTeX wrapper for `PSTricks' (RN,HV)
 ("C:\Users\Ben\AppData\Local\Programs\MiKTeX 2.9\tex\latex\iftex\iftex.sty"
Package: iftex 2013/04/04 v0.2 Provides if(tex) conditional for PDFTeX, XeTeX, 
and LuaTeX
) ("C:\Users\Ben\AppData\Local\Programs\MiKTeX 2.9\tex\latex\tools\shellesc.sty
"
Package: shellesc 2016/06/07 v0.02a unified shell escape interface for LaTeX
Package shellesc Info: Restricted shell escape enabled on input line 69.
) ("C:\Users\Ben\AppData\Local\Programs\MiKTeX 2.9\tex\latex\xcolor\xcolor.sty"
Package: xcolor 2016/05/11 v2.12 LaTeX color extensions (UK)

("C:\Users\Ben\AppData\Local\Programs\MiKTeX 2.9\tex\latex\graphics-cfg\color.c
fg"
File: color.cfg 2016/01/02 v1.6 sample color configuration
)
Package xcolor Info: Driver file: dvips.def on input line 225.

("C:\Users\Ben\AppData\Local\Programs\MiKTeX 2.9\tex\latex\graphics-def\dvips.d
ef"
File: dvips.def 2017/06/20 v3.1d Graphics/color driver for dvips
)
Package xcolor Info: Model `cmy' substituted by `cmy0' on input line 1348.
Package xcolor Info: Model `RGB' extended on input line 1364.
Package xcolor Info: Model `HTML' substituted by `rgb' on input line 1366.
Package xcolor Info: Model `Hsb' substituted by `hsb' on input line 1367.
Package xcolor Info: Model `tHsb' substituted by `hsb' on input line 1368.
Package xcolor Info: Model `HSB' substituted by `hsb' on input line 1369.
Package xcolor Info: Model `Gray' substituted by `gray' on input line 1370.
Package xcolor Info: Model `wave' substituted by `hsb' on input line 1371.
)
("C:\Users\Ben\AppData\Local\Programs\MiKTeX 2.9\tex\generic\xkeyval\pst-xkey.t
ex"
File: pst-xkey.tex 2005/11/25 v1.6 PSTricks specialization of xkeyval (HA)

("C:\Users\Ben\AppData\Local\Programs\MiKTeX 2.9\tex\latex\xkeyval\xkeyval.sty"
Package: xkeyval 2014/12/03 v2.7a package option processing (HA)

("C:\Users\Ben\AppData\Local\Programs\MiKTeX 2.9\tex\generic\xkeyval\xkeyval.te
x"
("C:\Users\Ben\AppData\Local\Programs\MiKTeX 2.9\tex\generic\xkeyval\xkvutils.t
ex"
\XKV@toks=\toks18
\XKV@tempa@toks=\toks19
)
\XKV@depth=\count99
File: xkeyval.tex 2014/12/03 v2.7a key=value parser (HA)
)))
("C:\Users\Ben\AppData\Local\Programs\MiKTeX 2.9\tex\generic\pstricks\pstricks.
tex"
("C:\Users\Ben\AppData\Local\Programs\MiKTeX 2.9\tex\generic\pstricks\pst-fp.te
x" `pst-fp' v0.05, 2010/01/17 (hv)
\pstFP@xs=\count100
\pstFP@xia=\count101
\pstFP@xib=\count102
\pstFP@xfa=\count103
\pstFP@xfb=\count104
\pstFP@rega=\count105
\pstFP@regb=\count106
\pstFP@regs=\count107
\pstFP@times=\count108
)
("C:\Users\Ben\AppData\Local\Programs\MiKTeX 2.9\tex\generic\pgf\utilities\pgfu
til-common.tex"
\pgfutil@everybye=\toks20
\pgfutil@tempdima=\dimen114
\pgfutil@tempdimb=\dimen115

("C:\Users\Ben\AppData\Local\Programs\MiKTeX 2.9\tex\generic\pgf\utilities\pgfu
til-common-lists.tex"))
("C:\Users\Ben\AppData\Local\Programs\MiKTeX 2.9\tex\generic\pgf\utilities\pgfk
eys.code.tex"
\pgfkeys@pathtoks=\toks21
\pgfkeys@temptoks=\toks22

("C:\Users\Ben\AppData\Local\Programs\MiKTeX 2.9\tex\generic\pgf\utilities\pgfk
eysfiltered.code.tex"
\pgfkeys@tmptoks=\toks23
))
("C:\Users\Ben\AppData\Local\Programs\MiKTeX 2.9\tex\generic\pgf\utilities\pgff
or.code.tex"
("C:\Users\Ben\AppData\Local\Programs\MiKTeX 2.9\tex\generic\pgf\math\pgfmath.c
ode.tex"
("C:\Users\Ben\AppData\Local\Programs\MiKTeX 2.9\tex\generic\pgf\math\pgfmathca
lc.code.tex"
("C:\Users\Ben\AppData\Local\Programs\MiKTeX 2.9\tex\generic\pgf\math\pgfmathut
il.code.tex"
\pgf@x=\dimen116
\pgf@xa=\dimen117
\pgf@xb=\dimen118
\pgf@xc=\dimen119
\pgf@y=\dimen120
\pgf@ya=\dimen121
\pgf@yb=\dimen122
\pgf@yc=\dimen123
\c@pgf@counta=\count109
\c@pgf@countb=\count110
\c@pgf@countc=\count111
\c@pgf@countd=\count112
\pgfutil@tempcnta=\count113
\pgfutil@tempcntb=\count114
)
("C:\Users\Ben\AppData\Local\Programs\MiKTeX 2.9\tex\generic\pgf\math\pgfmathpa
rser.code.tex"
\pgfmath@dimen=\dimen124
\pgfmath@count=\count115
\pgfmath@box=\box36
\pgfmath@toks=\toks24
\pgfmath@stack@operand=\toks25
\pgfmath@stack@operation=\toks26
)
("C:\Users\Ben\AppData\Local\Programs\MiKTeX 2.9\tex\generic\pgf\math\pgfmathfu
nctions.code.tex"
("C:\Users\Ben\AppData\Local\Programs\MiKTeX 2.9\tex\generic\pgf\math\pgfmathfu
nctions.basic.code.tex")
("C:\Users\Ben\AppData\Local\Programs\MiKTeX 2.9\tex\generic\pgf\math\pgfmathfu
nctions.trigonometric.code.tex")
("C:\Users\Ben\AppData\Local\Programs\MiKTeX 2.9\tex\generic\pgf\math\pgfmathfu
nctions.random.code.tex")
("C:\Users\Ben\AppData\Local\Programs\MiKTeX 2.9\tex\generic\pgf\math\pgfmathfu
nctions.comparison.code.tex")
("C:\Users\Ben\AppData\Local\Programs\MiKTeX 2.9\tex\generic\pgf\math\pgfmathfu
nctions.base.code.tex")
("C:\Users\Ben\AppData\Local\Programs\MiKTeX 2.9\tex\generic\pgf\math\pgfmathfu
nctions.round.code.tex")
("C:\Users\Ben\AppData\Local\Programs\MiKTeX 2.9\tex\generic\pgf\math\pgfmathfu
nctions.misc.code.tex")
("C:\Users\Ben\AppData\Local\Programs\MiKTeX 2.9\tex\generic\pgf\math\pgfmathfu
nctions.integerarithmetics.code.tex")))
("C:\Users\Ben\AppData\Local\Programs\MiKTeX 2.9\tex\generic\pgf\math\pgfmathfl
oat.code.tex"
\c@pgfmathroundto@lastzeros=\count116
))
\pgffor@iter=\dimen125
\pgffor@skip=\dimen126
\pgffor@stack=\toks27
\pgffor@toks=\toks28
)
\psLoopIndex=\count117

`PSTricks' v2.77  <2017/10/04> (tvz)
\pst@dima=\dimen127
\pst@dimb=\dimen128
\pst@dimc=\dimen129
\pst@dimd=\dimen130
\pst@dimg=\dimen131
\pst@dimh=\dimen132
\pst@dimm=\dimen133
\pst@dimn=\dimen134
\pst@dimo=\dimen135
\pst@dimp=\dimen136
\pst@hbox=\box37
\pst@ibox=\box38
\pst@boxg=\box39
\pst@cnta=\count118
\pst@cntb=\count119
\pst@cntc=\count120
\pst@cntd=\count121
\pst@cntg=\count122
\pst@cnth=\count123
\pst@cntm=\count124
\pst@cntn=\count125
\pst@cnto=\count126
\pst@cntp=\count127
\@zero=\count128
\pst@toks=\toks29

("C:\Users\Ben\AppData\Local\Programs\MiKTeX 2.9\tex\generic\pstricks\pstricks.
con")
\psunit=\dimen137
\psxunit=\dimen138
\psyunit=\dimen139
\pst@C@@rType=\count129
\pslinewidth=\dimen140
\psk@startLW=\dimen141
\psk@endLW=\dimen142
\pst@customdefs=\toks30
\pslinearc=\dimen143
\pst@symbolStep=\dimen144
\pst@symbolWidth=\dimen145
\pst@symbolLinewidth=\dimen146
\everypsbox=\toks31
\psframesep=\dimen147
\pslabelsep=\dimen148
\sh@wgridXunit=\dimen149
\sh@wgridYunit=\dimen150
\pst@shift=\dimen151
)
File: pstricks.tex 2017/10/04 v2.77 `PSTricks' (tvz,hv)

("C:\Users\Ben\AppData\Local\Programs\MiKTeX 2.9\tex\generic\pstricks\pst-fp.te
x")
File: pst-fp.tex 2017/10/04 v2.77 `PST-fp' (hv)
)
("C:\Users\Ben\AppData\Local\Programs\MiKTeX 2.9\tex\latex\pst-jtree\pst-jtree.
sty"
Package: pst-jtree 2011/01/04 package wrapper for pst-jtree.tex

("C:\Users\Ben\AppData\Local\Programs\MiKTeX 2.9\tex\generic\pst-jtree\pst-jtre
e.tex" `PST-jTree' v2.6  <2011/01/04> (jf)
("C:\Users\Ben\AppData\Local\Programs\MiKTeX 2.9\tex\generic\pst-node\pst-node.
tex"  v1.39, 2017/01/20
\psrow=\count130
\pscol=\count131
\psmatrixcnt=\count132
\psrowsep=\skip60
\pscolsep=\skip61
\pst@args=\count133
\num@pts=\count134
\pst@argcnt=\count135
)
\@xpos=\dimen152
\@ypos=\dimen153
\@@xpos=\dimen154
\@@ypos=\dimen155
\max@left=\dimen156
\max@right=\dimen157
\max@down=\dimen158
\jt@dima=\dimen159
\jt@dimb=\dimen160
\jt@dimc=\dimen161
\jt@dimd=\dimen162
\jt@dime=\dimen163
\tree@box=\box40
\@nodebox=\box41
\jtEverytree=\toks32
\jteverytree=\toks33
\jteverylabel=\toks34
\@CurrState=\count136
))
("C:\Users\Ben\AppData\Local\Programs\MiKTeX 2.9\tex\latex\xkeyval\pst-xkey.sty
"
Package: pst-xkey 2005/11/25 v1.6 package wrapper for pst-xkey.tex (HA)
) ("C:\Users\Ben\AppData\Local\Programs\MiKTeX 2.9\tex\latex\tipa\tipa.sty"
Package: tipa 2002/08/08 TIPA version 1.1

("C:\Users\Ben\AppData\Local\Programs\MiKTeX 2.9\tex\latex\base\fontenc.sty"
Package: fontenc 2017/04/05 v2.0i Standard LaTeX package

("C:\Users\Ben\AppData\Local\Programs\MiKTeX 2.9\tex\latex\tipa\t3enc.def"
File: t3enc.def 2001/12/31 T3 encoding
)
("C:\Users\Ben\AppData\Local\Programs\MiKTeX 2.9\tex\latex\base\ot1enc.def"
File: ot1enc.def 2017/04/05 v2.0i Standard LaTeX file
LaTeX Font Info:    Redeclaring font encoding OT1 on input line 48.
)))
("C:\Program Files\MiKTeX 2.9\tex\latex\natbib\natbib.sty"
Package: natbib 2010/09/13 8.31b (PWD, AO)
\bibhang=\skip62
\bibsep=\skip63
LaTeX Info: Redefining \cite on input line 694.
\c@NAT@ctr=\count137
) ("Jiminar Final.aux")
\openout1 = `"Jiminar Final.aux"'.

LaTeX Font Info:    Checking defaults for OML/cmm/m/it on input line 21.
LaTeX Font Info:    ... okay on input line 21.
LaTeX Font Info:    Checking defaults for T1/cmr/m/n on input line 21.
LaTeX Font Info:    ... okay on input line 21.
LaTeX Font Info:    Checking defaults for OT1/cmr/m/n on input line 21.
LaTeX Font Info:    ... okay on input line 21.
LaTeX Font Info:    Checking defaults for OMS/cmsy/m/n on input line 21.
LaTeX Font Info:    ... okay on input line 21.
LaTeX Font Info:    Checking defaults for OMX/cmex/m/n on input line 21.
LaTeX Font Info:    ... okay on input line 21.
LaTeX Font Info:    Checking defaults for U/cmr/m/n on input line 21.
LaTeX Font Info:    ... okay on input line 21.
LaTeX Font Info:    Checking defaults for T3/cmr/m/n on input line 21.
LaTeX Font Info:    Try loading font information for T3+cmr on input line 21.
 ("C:\Users\Ben\AppData\Local\Programs\MiKTeX 2.9\tex\latex\tipa\t3cmr.fd"
File: t3cmr.fd 2001/12/31 TIPA font definitions
)
LaTeX Font Info:    ... okay on input line 21.

*geometry* driver: auto-detecting
*geometry* detected driver: dvips
*geometry* verbose mode - [ preamble ] result:
* driver: dvips
* paper: <default>
* layout: <same size as paper>
* layoutoffset:(h,v)=(0.0pt,0.0pt)
* modes: 
* h-part:(L,W,R)=(72.26999pt, 469.75502pt, 72.26999pt)
* v-part:(T,H,B)=(72.26999pt, 650.43001pt, 72.26999pt)
* \paperwidth=614.295pt
* \paperheight=794.96999pt
* \textwidth=469.75502pt
* \textheight=650.43001pt
* \oddsidemargin=0.0pt
* \evensidemargin=0.0pt
* \topmargin=-37.0pt
* \headheight=12.0pt
* \headsep=25.0pt
* \topskip=12.0pt
* \footskip=30.0pt
* \marginparwidth=44.0pt
* \marginparsep=10.0pt
* \columnsep=10.0pt
* \skip\footins=10.8pt plus 4.0pt minus 2.0pt
* \hoffset=0.0pt
* \voffset=0.0pt
* \mag=1000
* \@twocolumnfalse
* \@twosidefalse
* \@mparswitchfalse
* \@reversemarginfalse
* (1in=72.27pt=25.4mm, 1cm=28.453pt)

LaTeX Font Info:    External font `cmex10' loaded for size
(Font)              <7> on input line 22.
LaTeX Font Info:    External font `cmex10' loaded for size
(Font)              <5> on input line 22.
LaTeX Font Info:    External font `cmex10' loaded for size
(Font)              <14.4> on input line 22.
LaTeX Font Info:    External font `cmex10' loaded for size
(Font)              <12> on input line 31.
LaTeX Font Info:    External font `cmex10' loaded for size
(Font)              <8> on input line 31.
LaTeX Font Info:    External font `cmex10' loaded for size
(Font)              <6> on input line 31.

Underfull \hbox (badness 10000) in paragraph at lines 46--47

 []

[1

]

Package natbib Warning: Citation `polinskandpotsdam2002' undefined on input lin
e 95.


Package natbib Warning: Citation `ostrove2018' undefined on input line 96.

No file "Jiminar Final".bbl.

Package natbib Warning: There were undefined citations.

[2] ("Jiminar Final.aux") ) 
Here is how much of TeX's memory you used:
 10455 strings out of 493313
 175297 string characters out of 3130722
 245921 words of memory out of 3000000
 13894 multiletter control sequences out of 15000+200000
 10215 words of font info for 36 fonts, out of 3000000 for 9000
 1141 hyphenation exceptions out of 8191
 57i,7n,94p,635b,266s stack positions out of 5000i,500n,10000p,200000b,50000s

Output written on "Jiminar Final.dvi" (2 pages, 8616 bytes).
